2025-12-08T14:21:12+00:00 DEBUG Tt4b_Pixel_Class::inject_view_content_event: hit ViewContent
2025-12-08T14:21:12+00:00 DEBUG Tt4b_Pixel_Class::inject_view_content_event: Missing option "access_token"
2025-12-08T14:21:15+00:00 DEBUG Tt4b_Pixel_Class::inject_add_to_cart_event: hit AddToCart
2025-12-08T14:21:15+00:00 DEBUG Tt4b_Pixel_Class::inject_add_to_cart_event: Missing option "access_token"
2025-12-08T14:21:15+00:00 DEBUG Tt4b_Pixel_Class::inject_view_content_event: hit ViewContent
2025-12-08T14:21:15+00:00 DEBUG Tt4b_Pixel_Class::inject_view_content_event: Missing option "access_token"
2025-12-08T14:21:28+00:00 DEBUG Tt4b_Pixel_Class::inject_initiate_checkout_event: hit InitiateCheckout
2025-12-08T14:21:28+00:00 DEBUG Tt4b_Pixel_Class::inject_initiate_checkout_event: Missing option "access_token"
2025-12-08T14:22:01+00:00 DEBUG Tt4b_Pixel_Class::inject_purchase_event: hit Purchase
2025-12-08T14:22:01+00:00 DEBUG Tt4b_Pixel_Class::inject_purchase_event: Missing option "access_token"
2025-12-08T14:50:09+00:00 DEBUG tt4b_product_delete: missing access token for tt4b_product_sync
2025-12-08T14:50:09+00:00 DEBUG tt4b_product_delete: missing access token for tt4b_product_sync
2025-12-08T14:50:09+00:00 DEBUG tt4b_product_delete: missing access token for tt4b_product_sync
2025-12-08T14:50:09+00:00 DEBUG tt4b_product_delete: missing access token for tt4b_product_sync
2025-12-08T14:50:09+00:00 DEBUG tt4b_product_delete: missing access token for tt4b_product_sync
2025-12-08T14:50:09+00:00 DEBUG tt4b_product_delete: missing access token for tt4b_product_sync
2025-12-08T14:50:09+00:00 DEBUG tt4b_product_delete: missing access token for tt4b_product_sync
2025-12-08T14:50:09+00:00 DEBUG tt4b_product_delete: missing access token for tt4b_product_sync
2025-12-08T14:50:09+00:00 DEBUG tt4b_product_delete: missing access token for tt4b_product_sync
2025-12-08T14:50:09+00:00 DEBUG tt4b_product_delete: missing access token for tt4b_product_sync
2025-12-08T14:50:09+00:00 DEBUG tt4b_product_delete: missing access token for tt4b_product_sync
2025-12-08T14:50:10+00:00 DEBUG tt4b_product_delete: missing access token for tt4b_product_sync
2025-12-08T14:50:10+00:00 DEBUG tt4b_product_delete: missing access token for tt4b_product_sync
2025-12-08T14:50:10+00:00 DEBUG tt4b_product_delete: missing access token for tt4b_product_sync
2025-12-08T14:50:10+00:00 DEBUG tt4b_product_delete: missing access token for tt4b_product_sync
2025-12-08T14:50:10+00:00 DEBUG tt4b_product_delete: missing access token for tt4b_product_sync
2025-12-08T14:50:10+00:00 DEBUG tt4b_product_delete: missing access token for tt4b_product_sync
2025-12-08T14:50:10+00:00 DEBUG tt4b_product_delete: missing access token for tt4b_product_sync
2025-12-08T14:50:10+00:00 DEBUG tt4b_product_delete: missing access token for tt4b_product_sync
2025-12-08T14:50:10+00:00 DEBUG tt4b_product_delete: missing access token for tt4b_product_sync
2025-12-08T14:50:10+00:00 DEBUG tt4b_product_delete: missing access token for tt4b_product_sync
2025-12-08T14:50:10+00:00 DEBUG tt4b_product_delete: missing access token for tt4b_product_sync
2025-12-08T14:50:10+00:00 DEBUG tt4b_product_delete: missing access token for tt4b_product_sync
2025-12-08T14:50:10+00:00 DEBUG tt4b_product_delete: missing access token for tt4b_product_sync
2025-12-08T14:50:10+00:00 DEBUG tt4b_product_delete: missing access token for tt4b_product_sync
2025-12-08T14:50:10+00:00 DEBUG tt4b_product_delete: missing access token for tt4b_product_sync
2025-12-08T14:50:10+00:00 DEBUG tt4b_product_delete: missing access token for tt4b_product_sync
2025-12-08T14:50:10+00:00 DEBUG tt4b_product_delete: missing access token for tt4b_product_sync
2025-12-08T14:50:10+00:00 DEBUG tt4b_product_delete: missing access token for tt4b_product_sync
2025-12-08T14:50:10+00:00 DEBUG tt4b_product_delete: missing access token for tt4b_product_sync
2025-12-08T14:50:10+00:00 DEBUG tt4b_product_delete: missing access token for tt4b_product_sync
2025-12-08T14:50:10+00:00 DEBUG tt4b_product_delete: missing access token for tt4b_product_sync
2025-12-08T14:50:10+00:00 DEBUG tt4b_product_delete: missing access token for tt4b_product_sync
2025-12-08T14:50:10+00:00 DEBUG tt4b_product_delete: missing access token for tt4b_product_sync
2025-12-08T14:50:10+00:00 DEBUG tt4b_product_delete: missing access token for tt4b_product_sync
2025-12-08T14:50:10+00:00 DEBUG tt4b_product_delete: missing access token for tt4b_product_sync
2025-12-08T14:50:11+00:00 DEBUG tt4b_product_delete: missing access token for tt4b_product_sync
2025-12-08T14:50:11+00:00 DEBUG tt4b_product_delete: missing access token for tt4b_product_sync
2025-12-08T14:50:11+00:00 DEBUG tt4b_product_delete: missing access token for tt4b_product_sync
2025-12-08T14:50:11+00:00 DEBUG tt4b_product_delete: missing access token for tt4b_product_sync
2025-12-08T14:50:11+00:00 DEBUG tt4b_product_delete: missing access token for tt4b_product_sync
2025-12-08T14:50:11+00:00 DEBUG tt4b_product_delete: missing access token for tt4b_product_sync
2025-12-08T14:50:11+00:00 DEBUG tt4b_product_delete: missing access token for tt4b_product_sync
2025-12-08T14:50:11+00:00 DEBUG tt4b_product_delete: missing access token for tt4b_product_sync
2025-12-08T14:50:11+00:00 DEBUG tt4b_product_delete: missing access token for tt4b_product_sync
2025-12-08T14:50:11+00:00 DEBUG tt4b_product_delete: missing access token for tt4b_product_sync
2025-12-08T14:50:11+00:00 DEBUG tt4b_product_delete: missing access token for tt4b_product_sync
2025-12-08T14:50:11+00:00 DEBUG tt4b_product_delete: missing access token for tt4b_product_sync
2025-12-08T14:50:11+00:00 DEBUG tt4b_product_delete: missing access token for tt4b_product_sync
2025-12-08T14:50:11+00:00 DEBUG tt4b_product_delete: missing access token for tt4b_product_sync
2025-12-08T14:50:11+00:00 DEBUG tt4b_product_delete: missing access token for tt4b_product_sync
2025-12-08T14:50:11+00:00 DEBUG tt4b_product_delete: missing access token for tt4b_product_sync
2025-12-08T14:50:11+00:00 DEBUG tt4b_product_delete: missing access token for tt4b_product_sync
2025-12-08T14:50:11+00:00 DEBUG tt4b_product_delete: missing access token for tt4b_product_sync
2025-12-08T14:50:11+00:00 DEBUG tt4b_product_delete: missing access token for tt4b_product_sync
2025-12-08T14:50:11+00:00 DEBUG tt4b_product_delete: missing access token for tt4b_product_sync
2025-12-08T14:50:11+00:00 DEBUG tt4b_product_delete: missing access token for tt4b_product_sync
2025-12-08T14:50:11+00:00 DEBUG tt4b_product_delete: missing access token for tt4b_product_sync
2025-12-08T14:50:11+00:00 DEBUG tt4b_product_delete: missing access token for tt4b_product_sync
2025-12-08T14:50:11+00:00 DEBUG tt4b_product_delete: missing access token for tt4b_product_sync
2025-12-08T14:50:11+00:00 DEBUG tt4b_product_delete: missing access token for tt4b_product_sync
2025-12-08T14:50:11+00:00 DEBUG tt4b_product_delete: missing access token for tt4b_product_sync
2025-12-08T14:50:12+00:00 DEBUG tt4b_product_delete: missing access token for tt4b_product_sync
2025-12-08T14:50:12+00:00 DEBUG tt4b_product_delete: missing access token for tt4b_product_sync
2025-12-08T14:50:12+00:00 DEBUG tt4b_product_delete: missing access token for tt4b_product_sync
2025-12-08T14:50:12+00:00 DEBUG tt4b_product_delete: missing access token for tt4b_product_sync
2025-12-08T14:50:12+00:00 DEBUG tt4b_product_delete: missing access token for tt4b_product_sync
2025-12-08T14:50:12+00:00 DEBUG tt4b_product_delete: missing access token for tt4b_product_sync
2025-12-08T14:51:02+00:00 DEBUG tt4b_product_delete: missing access token for tt4b_product_sync
2025-12-08T14:51:02+00:00 DEBUG tt4b_product_delete: missing access token for tt4b_product_sync
2025-12-08T14:51:02+00:00 DEBUG tt4b_product_delete: missing access token for tt4b_product_sync
2025-12-08T14:51:02+00:00 DEBUG tt4b_product_delete: missing access token for tt4b_product_sync
2025-12-08T14:51:02+00:00 DEBUG tt4b_product_delete: missing access token for tt4b_product_sync
2025-12-08T14:51:02+00:00 DEBUG tt4b_product_delete: missing access token for tt4b_product_sync
2025-12-08T14:51:02+00:00 DEBUG tt4b_product_delete: missing access token for tt4b_product_sync
2025-12-08T14:51:02+00:00 DEBUG tt4b_product_delete: missing access token for tt4b_product_sync
2025-12-08T14:51:03+00:00 DEBUG tt4b_product_delete: missing access token for tt4b_product_sync
2025-12-08T14:51:03+00:00 DEBUG tt4b_product_delete: missing access token for tt4b_product_sync
2025-12-08T14:51:03+00:00 DEBUG tt4b_product_delete: missing access token for tt4b_product_sync
2025-12-08T14:51:03+00:00 DEBUG tt4b_product_delete: missing access token for tt4b_product_sync
2025-12-08T14:51:03+00:00 DEBUG tt4b_product_delete: missing access token for tt4b_product_sync
2025-12-08T14:51:03+00:00 DEBUG tt4b_product_delete: missing access token for tt4b_product_sync
2025-12-08T14:51:03+00:00 DEBUG tt4b_product_delete: missing access token for tt4b_product_sync
2025-12-08T14:51:03+00:00 DEBUG tt4b_product_delete: missing access token for tt4b_product_sync
2025-12-08T14:51:03+00:00 DEBUG tt4b_product_delete: missing access token for tt4b_product_sync
2025-12-08T14:51:03+00:00 DEBUG tt4b_product_delete: missing access token for tt4b_product_sync
2025-12-08T14:51:03+00:00 DEBUG tt4b_product_delete: missing access token for tt4b_product_sync
2025-12-08T14:51:03+00:00 DEBUG tt4b_product_delete: missing access token for tt4b_product_sync
2025-12-08T14:51:03+00:00 DEBUG tt4b_product_delete: missing access token for tt4b_product_sync
2025-12-08T14:51:03+00:00 DEBUG tt4b_product_delete: missing access token for tt4b_product_sync
2025-12-08T14:51:03+00:00 DEBUG tt4b_product_delete: missing access token for tt4b_product_sync
2025-12-08T14:51:03+00:00 DEBUG tt4b_product_delete: missing access token for tt4b_product_sync
2025-12-08T14:51:03+00:00 DEBUG tt4b_product_delete: missing access token for tt4b_product_sync
2025-12-08T14:51:03+00:00 DEBUG tt4b_product_delete: missing access token for tt4b_product_sync
2025-12-08T14:51:03+00:00 DEBUG tt4b_product_delete: missing access token for tt4b_product_sync
2025-12-08T14:51:04+00:00 DEBUG tt4b_product_delete: missing access token for tt4b_product_sync
2025-12-08T14:51:04+00:00 DEBUG tt4b_product_delete: missing access token for tt4b_product_sync
2025-12-08T14:51:04+00:00 DEBUG tt4b_product_delete: missing access token for tt4b_product_sync
2025-12-08T14:51:04+00:00 DEBUG tt4b_product_delete: missing access token for tt4b_product_sync
2025-12-08T14:51:04+00:00 DEBUG tt4b_product_delete: missing access token for tt4b_product_sync
2025-12-08T14:51:04+00:00 DEBUG tt4b_product_delete: missing access token for tt4b_product_sync
2025-12-08T14:51:04+00:00 DEBUG tt4b_product_delete: missing access token for tt4b_product_sync
2025-12-08T14:51:04+00:00 DEBUG tt4b_product_delete: missing access token for tt4b_product_sync
2025-12-08T14:51:04+00:00 DEBUG tt4b_product_delete: missing access token for tt4b_product_sync
2025-12-08T14:51:04+00:00 DEBUG tt4b_product_delete: missing access token for tt4b_product_sync
2025-12-08T14:51:04+00:00 DEBUG tt4b_product_delete: missing access token for tt4b_product_sync
2025-12-08T14:51:04+00:00 DEBUG tt4b_product_delete: missing access token for tt4b_product_sync
2025-12-08T14:51:04+00:00 DEBUG tt4b_product_delete: missing access token for tt4b_product_sync
2025-12-08T14:51:04+00:00 DEBUG tt4b_product_delete: missing access token for tt4b_product_sync
2025-12-08T14:51:04+00:00 DEBUG tt4b_product_delete: missing access token for tt4b_product_sync
2025-12-08T14:51:04+00:00 DEBUG tt4b_product_delete: missing access token for tt4b_product_sync
2025-12-08T14:51:05+00:00 DEBUG tt4b_product_delete: missing access token for tt4b_product_sync
2025-12-08T14:51:05+00:00 DEBUG tt4b_product_delete: missing access token for tt4b_product_sync
2025-12-08T14:51:05+00:00 DEBUG tt4b_product_delete: missing access token for tt4b_product_sync
2025-12-08T14:51:05+00:00 DEBUG tt4b_product_delete: missing access token for tt4b_product_sync
2025-12-08T14:51:05+00:00 DEBUG tt4b_product_delete: missing access token for tt4b_product_sync
2025-12-08T14:51:05+00:00 DEBUG tt4b_product_delete: missing access token for tt4b_product_sync
2025-12-08T14:51:05+00:00 DEBUG tt4b_product_delete: missing access token for tt4b_product_sync
2025-12-08T14:51:05+00:00 DEBUG tt4b_product_delete: missing access token for tt4b_product_sync
2025-12-08T14:51:05+00:00 DEBUG tt4b_product_delete: missing access token for tt4b_product_sync
2025-12-08T14:51:05+00:00 DEBUG tt4b_product_delete: missing access token for tt4b_product_sync
2025-12-08T14:51:05+00:00 DEBUG tt4b_product_delete: missing access token for tt4b_product_sync
2025-12-08T14:51:05+00:00 DEBUG tt4b_product_delete: missing access token for tt4b_product_sync
2025-12-08T14:51:05+00:00 DEBUG tt4b_product_delete: missing access token for tt4b_product_sync
2025-12-08T14:51:05+00:00 DEBUG tt4b_product_delete: missing access token for tt4b_product_sync
2025-12-08T14:51:05+00:00 DEBUG tt4b_product_delete: missing access token for tt4b_product_sync
2025-12-08T14:51:05+00:00 DEBUG tt4b_product_delete: missing access token for tt4b_product_sync
2025-12-08T14:51:05+00:00 DEBUG tt4b_product_delete: missing access token for tt4b_product_sync
2025-12-08T14:51:05+00:00 DEBUG tt4b_product_delete: missing access token for tt4b_product_sync
2025-12-08T14:51:06+00:00 DEBUG tt4b_product_delete: missing access token for tt4b_product_sync
2025-12-08T14:51:06+00:00 DEBUG tt4b_product_delete: missing access token for tt4b_product_sync
2025-12-08T14:51:06+00:00 DEBUG tt4b_product_delete: missing access token for tt4b_product_sync
2025-12-08T14:51:06+00:00 DEBUG tt4b_product_delete: missing access token for tt4b_product_sync
2025-12-08T14:51:06+00:00 DEBUG tt4b_product_delete: missing access token for tt4b_product_sync
2025-12-08T14:51:06+00:00 DEBUG tt4b_product_delete: missing access token for tt4b_product_sync
2025-12-08T14:51:06+00:00 DEBUG tt4b_product_delete: missing access token for tt4b_product_sync
2025-12-08T14:51:06+00:00 DEBUG tt4b_product_delete: missing access token for tt4b_product_sync
2025-12-08T14:51:06+00:00 DEBUG tt4b_product_delete: missing access token for tt4b_product_sync
2025-12-08T14:51:06+00:00 DEBUG tt4b_product_delete: missing access token for tt4b_product_sync
2025-12-08T14:51:06+00:00 DEBUG tt4b_product_delete: missing access token for tt4b_product_sync
2025-12-08T14:51:06+00:00 DEBUG tt4b_product_delete: missing access token for tt4b_product_sync
2025-12-08T14:51:06+00:00 DEBUG tt4b_product_delete: missing access token for tt4b_product_sync
2025-12-08T14:51:06+00:00 DEBUG tt4b_product_delete: missing access token for tt4b_product_sync
2025-12-08T14:51:06+00:00 DEBUG tt4b_product_delete: missing access token for tt4b_product_sync
2025-12-08T14:51:07+00:00 DEBUG tt4b_product_delete: missing access token for tt4b_product_sync
2025-12-08T14:51:07+00:00 DEBUG tt4b_product_delete: missing access token for tt4b_product_sync
2025-12-08T14:51:07+00:00 DEBUG tt4b_product_delete: missing access token for tt4b_product_sync
2025-12-08T14:51:07+00:00 DEBUG tt4b_product_delete: missing access token for tt4b_product_sync
2025-12-08T14:51:07+00:00 DEBUG tt4b_product_delete: missing access token for tt4b_product_sync
2025-12-08T14:51:07+00:00 DEBUG tt4b_product_delete: missing access token for tt4b_product_sync
2025-12-08T14:51:07+00:00 DEBUG tt4b_product_delete: missing access token for tt4b_product_sync
2025-12-08T14:51:07+00:00 DEBUG tt4b_product_delete: missing access token for tt4b_product_sync
2025-12-08T14:51:07+00:00 DEBUG tt4b_product_delete: missing access token for tt4b_product_sync
2025-12-08T14:51:07+00:00 DEBUG tt4b_product_delete: missing access token for tt4b_product_sync
2025-12-08T14:51:07+00:00 DEBUG tt4b_product_delete: missing access token for tt4b_product_sync
2025-12-08T14:51:07+00:00 DEBUG tt4b_product_delete: missing access token for tt4b_product_sync
2025-12-08T14:51:07+00:00 DEBUG tt4b_product_delete: missing access token for tt4b_product_sync
2025-12-08T14:51:07+00:00 DEBUG tt4b_product_delete: missing access token for tt4b_product_sync
2025-12-08T14:51:07+00:00 DEBUG tt4b_product_delete: missing access token for tt4b_product_sync
2025-12-08T14:51:07+00:00 DEBUG tt4b_product_delete: missing access token for tt4b_product_sync
2025-12-08T14:51:07+00:00 DEBUG tt4b_product_delete: missing access token for tt4b_product_sync
2025-12-08T14:51:08+00:00 DEBUG tt4b_product_delete: missing access token for tt4b_product_sync
2025-12-08T14:51:08+00:00 DEBUG tt4b_product_delete: missing access token for tt4b_product_sync
2025-12-08T14:51:08+00:00 DEBUG tt4b_product_delete: missing access token for tt4b_product_sync
2025-12-08T14:51:08+00:00 DEBUG tt4b_product_delete: missing access token for tt4b_product_sync
2025-12-08T14:51:08+00:00 DEBUG tt4b_product_delete: missing access token for tt4b_product_sync
2025-12-08T14:51:08+00:00 DEBUG tt4b_product_delete: missing access token for tt4b_product_sync
2025-12-08T14:51:08+00:00 DEBUG tt4b_product_delete: missing access token for tt4b_product_sync
2025-12-08T14:51:08+00:00 DEBUG tt4b_product_delete: missing access token for tt4b_product_sync
2025-12-08T14:51:08+00:00 DEBUG tt4b_product_delete: missing access token for tt4b_product_sync
2025-12-08T14:51:08+00:00 DEBUG tt4b_product_delete: missing access token for tt4b_product_sync
2025-12-08T14:51:08+00:00 DEBUG tt4b_product_delete: missing access token for tt4b_product_sync
2025-12-08T14:51:08+00:00 DEBUG tt4b_product_delete: missing access token for tt4b_product_sync
2025-12-08T14:51:08+00:00 DEBUG tt4b_product_delete: missing access token for tt4b_product_sync
2025-12-08T14:51:08+00:00 DEBUG tt4b_product_delete: missing access token for tt4b_product_sync
2025-12-08T14:51:08+00:00 DEBUG tt4b_product_delete: missing access token for tt4b_product_sync
2025-12-08T14:51:08+00:00 DEBUG tt4b_product_delete: missing access token for tt4b_product_sync
2025-12-08T14:51:08+00:00 DEBUG tt4b_product_delete: missing access token for tt4b_product_sync
2025-12-08T14:51:08+00:00 DEBUG tt4b_product_delete: missing access token for tt4b_product_sync
2025-12-08T14:51:08+00:00 DEBUG tt4b_product_delete: missing access token for tt4b_product_sync
2025-12-08T14:51:09+00:00 DEBUG tt4b_product_delete: missing access token for tt4b_product_sync
2025-12-08T14:51:09+00:00 DEBUG tt4b_product_delete: missing access token for tt4b_product_sync
2025-12-08T14:51:09+00:00 DEBUG tt4b_product_delete: missing access token for tt4b_product_sync
2025-12-08T14:51:09+00:00 DEBUG tt4b_product_delete: missing access token for tt4b_product_sync
2025-12-08T14:51:09+00:00 DEBUG tt4b_product_delete: missing access token for tt4b_product_sync
2025-12-08T14:51:09+00:00 DEBUG tt4b_product_delete: missing access token for tt4b_product_sync
2025-12-08T14:51:09+00:00 DEBUG tt4b_product_delete: missing access token for tt4b_product_sync
2025-12-08T14:51:09+00:00 DEBUG tt4b_product_delete: missing access token for tt4b_product_sync
2025-12-08T14:57:17+00:00 DEBUG Tt4b_Pixel_Class::inject_view_content_event: hit ViewContent
2025-12-08T14:57:17+00:00 DEBUG Tt4b_Pixel_Class::inject_view_content_event: Missing option "access_token"
2025-12-08T15:00:12+00:00 DEBUG tt4b_product_delete: missing access token for tt4b_product_sync
2025-12-08T15:00:12+00:00 DEBUG tt4b_product_delete: missing access token for tt4b_product_sync
2025-12-08T15:01:11+00:00 DEBUG tt4b_product_delete: missing access token for tt4b_product_sync
2025-12-08T15:01:11+00:00 DEBUG tt4b_product_delete: missing access token for tt4b_product_sync
2025-12-08T15:33:10+00:00 DEBUG tt4b_product_delete: missing access token for tt4b_product_sync
2025-12-08T15:33:10+00:00 DEBUG tt4b_product_delete: missing access token for tt4b_product_sync
2025-12-08T15:33:10+00:00 DEBUG tt4b_product_delete: missing access token for tt4b_product_sync
2025-12-08T15:33:10+00:00 DEBUG tt4b_product_delete: missing access token for tt4b_product_sync
2025-12-08T15:33:10+00:00 DEBUG tt4b_product_delete: missing access token for tt4b_product_sync
2025-12-08T15:33:10+00:00 DEBUG tt4b_product_delete: missing access token for tt4b_product_sync
2025-12-08T15:33:10+00:00 DEBUG tt4b_product_delete: missing access token for tt4b_product_sync
2025-12-08T15:33:10+00:00 DEBUG tt4b_product_delete: missing access token for tt4b_product_sync
2025-12-08T15:33:10+00:00 DEBUG tt4b_product_delete: missing access token for tt4b_product_sync
2025-12-08T15:33:10+00:00 DEBUG tt4b_product_delete: missing access token for tt4b_product_sync
2025-12-08T15:33:10+00:00 DEBUG tt4b_product_delete: missing access token for tt4b_product_sync
2025-12-08T15:33:11+00:00 DEBUG tt4b_product_delete: missing access token for tt4b_product_sync
2025-12-08T15:33:11+00:00 DEBUG tt4b_product_delete: missing access token for tt4b_product_sync
2025-12-08T15:33:11+00:00 DEBUG tt4b_product_delete: missing access token for tt4b_product_sync
2025-12-08T15:33:11+00:00 DEBUG tt4b_product_delete: missing access token for tt4b_product_sync
2025-12-08T15:33:11+00:00 DEBUG tt4b_product_delete: missing access token for tt4b_product_sync
2025-12-08T15:33:11+00:00 DEBUG tt4b_product_delete: missing access token for tt4b_product_sync
2025-12-08T15:33:11+00:00 DEBUG tt4b_product_delete: missing access token for tt4b_product_sync
2025-12-08T15:33:11+00:00 DEBUG tt4b_product_delete: missing access token for tt4b_product_sync
2025-12-08T15:33:11+00:00 DEBUG tt4b_product_delete: missing access token for tt4b_product_sync
2025-12-08T15:33:44+00:00 DEBUG tt4b_product_delete: missing access token for tt4b_product_sync
2025-12-08T15:33:45+00:00 DEBUG tt4b_product_delete: missing access token for tt4b_product_sync
2025-12-08T15:33:45+00:00 DEBUG tt4b_product_delete: missing access token for tt4b_product_sync
2025-12-08T15:33:45+00:00 DEBUG tt4b_product_delete: missing access token for tt4b_product_sync
2025-12-08T15:33:45+00:00 DEBUG tt4b_product_delete: missing access token for tt4b_product_sync
2025-12-08T15:33:45+00:00 DEBUG tt4b_product_delete: missing access token for tt4b_product_sync
2025-12-08T15:33:45+00:00 DEBUG tt4b_product_delete: missing access token for tt4b_product_sync
2025-12-08T15:33:45+00:00 DEBUG tt4b_product_delete: missing access token for tt4b_product_sync
2025-12-08T15:33:45+00:00 DEBUG tt4b_product_delete: missing access token for tt4b_product_sync
2025-12-08T15:33:45+00:00 DEBUG tt4b_product_delete: missing access token for tt4b_product_sync
2025-12-08T15:33:45+00:00 DEBUG tt4b_product_delete: missing access token for tt4b_product_sync
2025-12-08T15:33:45+00:00 DEBUG tt4b_product_delete: missing access token for tt4b_product_sync
2025-12-08T15:33:45+00:00 DEBUG tt4b_product_delete: missing access token for tt4b_product_sync
2025-12-08T15:33:46+00:00 DEBUG tt4b_product_delete: missing access token for tt4b_product_sync
2025-12-08T15:33:46+00:00 DEBUG tt4b_product_delete: missing access token for tt4b_product_sync
2025-12-08T15:33:46+00:00 DEBUG tt4b_product_delete: missing access token for tt4b_product_sync
2025-12-08T15:33:46+00:00 DEBUG tt4b_product_delete: missing access token for tt4b_product_sync
2025-12-08T15:33:46+00:00 DEBUG tt4b_product_delete: missing access token for tt4b_product_sync
2025-12-08T15:33:46+00:00 DEBUG tt4b_product_delete: missing access token for tt4b_product_sync
2025-12-08T15:33:46+00:00 DEBUG tt4b_product_delete: missing access token for tt4b_product_sync
2025-12-08T15:34:36+00:00 DEBUG tt4b_product_delete: missing access token for tt4b_product_sync
2025-12-08T15:34:36+00:00 DEBUG tt4b_product_delete: missing access token for tt4b_product_sync
2025-12-08T15:34:37+00:00 DEBUG tt4b_product_delete: missing access token for tt4b_product_sync
2025-12-08T15:34:37+00:00 DEBUG tt4b_product_delete: missing access token for tt4b_product_sync
2025-12-08T15:34:37+00:00 DEBUG tt4b_product_delete: missing access token for tt4b_product_sync
2025-12-08T15:34:37+00:00 DEBUG tt4b_product_delete: missing access token for tt4b_product_sync
2025-12-08T15:34:37+00:00 DEBUG tt4b_product_delete: missing access token for tt4b_product_sync
2025-12-08T15:34:37+00:00 DEBUG tt4b_product_delete: missing access token for tt4b_product_sync
2025-12-08T15:34:37+00:00 DEBUG tt4b_product_delete: missing access token for tt4b_product_sync
2025-12-08T15:34:37+00:00 DEBUG tt4b_product_delete: missing access token for tt4b_product_sync
2025-12-08T15:34:37+00:00 DEBUG tt4b_product_delete: missing access token for tt4b_product_sync
2025-12-08T15:34:37+00:00 DEBUG tt4b_product_delete: missing access token for tt4b_product_sync
2025-12-08T15:34:37+00:00 DEBUG tt4b_product_delete: missing access token for tt4b_product_sync
2025-12-08T15:34:38+00:00 DEBUG tt4b_product_delete: missing access token for tt4b_product_sync
2025-12-08T15:34:38+00:00 DEBUG tt4b_product_delete: missing access token for tt4b_product_sync
2025-12-08T15:34:38+00:00 DEBUG tt4b_product_delete: missing access token for tt4b_product_sync
2025-12-08T15:34:38+00:00 DEBUG tt4b_product_delete: missing access token for tt4b_product_sync
2025-12-08T15:34:38+00:00 DEBUG tt4b_product_delete: missing access token for tt4b_product_sync
2025-12-08T15:34:38+00:00 DEBUG tt4b_product_delete: missing access token for tt4b_product_sync
2025-12-08T15:34:38+00:00 DEBUG tt4b_product_delete: missing access token for tt4b_product_sync
2025-12-08T15:36:24+00:00 DEBUG tt4b_product_delete: missing access token for tt4b_product_sync
2025-12-08T15:36:24+00:00 DEBUG tt4b_product_delete: missing access token for tt4b_product_sync
2025-12-08T15:36:25+00:00 DEBUG tt4b_product_delete: missing access token for tt4b_product_sync
2025-12-08T15:36:25+00:00 DEBUG tt4b_product_delete: missing access token for tt4b_product_sync
2025-12-08T15:36:25+00:00 DEBUG tt4b_product_delete: missing access token for tt4b_product_sync
2025-12-08T15:36:25+00:00 DEBUG tt4b_product_delete: missing access token for tt4b_product_sync
2025-12-08T15:36:25+00:00 DEBUG tt4b_product_delete: missing access token for tt4b_product_sync
2025-12-08T15:36:25+00:00 DEBUG tt4b_product_delete: missing access token for tt4b_product_sync
2025-12-08T15:36:25+00:00 DEBUG tt4b_product_delete: missing access token for tt4b_product_sync
2025-12-08T15:36:25+00:00 DEBUG tt4b_product_delete: missing access token for tt4b_product_sync
2025-12-08T15:36:25+00:00 DEBUG tt4b_product_delete: missing access token for tt4b_product_sync
2025-12-08T15:36:25+00:00 DEBUG tt4b_product_delete: missing access token for tt4b_product_sync
2025-12-08T15:36:25+00:00 DEBUG tt4b_product_delete: missing access token for tt4b_product_sync
2025-12-08T15:36:26+00:00 DEBUG tt4b_product_delete: missing access token for tt4b_product_sync
2025-12-08T15:36:26+00:00 DEBUG tt4b_product_delete: missing access token for tt4b_product_sync
2025-12-08T15:36:26+00:00 DEBUG tt4b_product_delete: missing access token for tt4b_product_sync
2025-12-08T15:36:26+00:00 DEBUG tt4b_product_delete: missing access token for tt4b_product_sync
2025-12-08T15:36:26+00:00 DEBUG tt4b_product_delete: missing access token for tt4b_product_sync
2025-12-08T15:36:26+00:00 DEBUG tt4b_product_delete: missing access token for tt4b_product_sync
2025-12-08T15:36:26+00:00 DEBUG tt4b_product_delete: missing access token for tt4b_product_sync
2025-12-08T15:37:11+00:00 DEBUG tt4b_product_delete: missing access token for tt4b_product_sync
2025-12-08T15:37:11+00:00 DEBUG tt4b_product_delete: missing access token for tt4b_product_sync
2025-12-08T15:37:11+00:00 DEBUG tt4b_product_delete: missing access token for tt4b_product_sync
2025-12-08T15:37:11+00:00 DEBUG tt4b_product_delete: missing access token for tt4b_product_sync
2025-12-08T15:37:11+00:00 DEBUG tt4b_product_delete: missing access token for tt4b_product_sync
2025-12-08T15:37:11+00:00 DEBUG tt4b_product_delete: missing access token for tt4b_product_sync
2025-12-08T15:37:11+00:00 DEBUG tt4b_product_delete: missing access token for tt4b_product_sync
2025-12-08T15:37:11+00:00 DEBUG tt4b_product_delete: missing access token for tt4b_product_sync
2025-12-08T15:37:12+00:00 DEBUG tt4b_product_delete: missing access token for tt4b_product_sync
2025-12-08T15:37:12+00:00 DEBUG tt4b_product_delete: missing access token for tt4b_product_sync
2025-12-08T15:37:12+00:00 DEBUG tt4b_product_delete: missing access token for tt4b_product_sync
2025-12-08T15:37:12+00:00 DEBUG tt4b_product_delete: missing access token for tt4b_product_sync
2025-12-08T15:37:12+00:00 DEBUG tt4b_product_delete: missing access token for tt4b_product_sync
2025-12-08T15:37:12+00:00 DEBUG tt4b_product_delete: missing access token for tt4b_product_sync
2025-12-08T15:37:12+00:00 DEBUG tt4b_product_delete: missing access token for tt4b_product_sync
2025-12-08T15:37:12+00:00 DEBUG tt4b_product_delete: missing access token for tt4b_product_sync
2025-12-08T15:37:12+00:00 DEBUG tt4b_product_delete: missing access token for tt4b_product_sync
2025-12-08T15:37:12+00:00 DEBUG tt4b_product_delete: missing access token for tt4b_product_sync
2025-12-08T15:37:12+00:00 DEBUG tt4b_product_delete: missing access token for tt4b_product_sync
2025-12-08T15:37:12+00:00 DEBUG tt4b_product_delete: missing access token for tt4b_product_sync
2025-12-08T15:37:56+00:00 DEBUG tt4b_product_delete: missing access token for tt4b_product_sync
2025-12-08T15:37:56+00:00 DEBUG tt4b_product_delete: missing access token for tt4b_product_sync
2025-12-08T15:37:56+00:00 DEBUG tt4b_product_delete: missing access token for tt4b_product_sync
2025-12-08T15:37:56+00:00 DEBUG tt4b_product_delete: missing access token for tt4b_product_sync
2025-12-08T15:37:56+00:00 DEBUG tt4b_product_delete: missing access token for tt4b_product_sync
2025-12-08T15:37:56+00:00 DEBUG tt4b_product_delete: missing access token for tt4b_product_sync
2025-12-08T15:37:56+00:00 DEBUG tt4b_product_delete: missing access token for tt4b_product_sync
2025-12-08T15:37:56+00:00 DEBUG tt4b_product_delete: missing access token for tt4b_product_sync
2025-12-08T15:37:56+00:00 DEBUG tt4b_product_delete: missing access token for tt4b_product_sync
2025-12-08T15:37:56+00:00 DEBUG tt4b_product_delete: missing access token for tt4b_product_sync
2025-12-08T15:37:56+00:00 DEBUG tt4b_product_delete: missing access token for tt4b_product_sync
2025-12-08T15:37:57+00:00 DEBUG tt4b_product_delete: missing access token for tt4b_product_sync
2025-12-08T15:37:57+00:00 DEBUG tt4b_product_delete: missing access token for tt4b_product_sync
2025-12-08T15:37:57+00:00 DEBUG tt4b_product_delete: missing access token for tt4b_product_sync
2025-12-08T15:37:57+00:00 DEBUG tt4b_product_delete: missing access token for tt4b_product_sync
2025-12-08T15:37:57+00:00 DEBUG tt4b_product_delete: missing access token for tt4b_product_sync
2025-12-08T15:37:57+00:00 DEBUG tt4b_product_delete: missing access token for tt4b_product_sync
2025-12-08T15:37:57+00:00 DEBUG tt4b_product_delete: missing access token for tt4b_product_sync
2025-12-08T15:37:57+00:00 DEBUG tt4b_product_delete: missing access token for tt4b_product_sync
2025-12-08T15:37:57+00:00 DEBUG tt4b_product_delete: missing access token for tt4b_product_sync
2025-12-08T15:39:17+00:00 DEBUG tt4b_product_delete: missing access token for tt4b_product_sync
2025-12-08T15:39:17+00:00 DEBUG tt4b_product_delete: missing access token for tt4b_product_sync
2025-12-08T15:39:17+00:00 DEBUG tt4b_product_delete: missing access token for tt4b_product_sync
2025-12-08T15:39:17+00:00 DEBUG tt4b_product_delete: missing access token for tt4b_product_sync
2025-12-08T15:39:17+00:00 DEBUG tt4b_product_delete: missing access token for tt4b_product_sync
2025-12-08T15:39:17+00:00 DEBUG tt4b_product_delete: missing access token for tt4b_product_sync
2025-12-08T15:39:17+00:00 DEBUG tt4b_product_delete: missing access token for tt4b_product_sync
2025-12-08T15:39:17+00:00 DEBUG tt4b_product_delete: missing access token for tt4b_product_sync
2025-12-08T15:39:17+00:00 DEBUG tt4b_product_delete: missing access token for tt4b_product_sync
2025-12-08T15:39:17+00:00 DEBUG tt4b_product_delete: missing access token for tt4b_product_sync
2025-12-08T15:39:17+00:00 DEBUG tt4b_product_delete: missing access token for tt4b_product_sync
2025-12-08T15:39:17+00:00 DEBUG tt4b_product_delete: missing access token for tt4b_product_sync
2025-12-08T15:39:18+00:00 DEBUG tt4b_product_delete: missing access token for tt4b_product_sync
2025-12-08T15:39:18+00:00 DEBUG tt4b_product_delete: missing access token for tt4b_product_sync
2025-12-08T15:39:18+00:00 DEBUG tt4b_product_delete: missing access token for tt4b_product_sync
2025-12-08T15:39:18+00:00 DEBUG tt4b_product_delete: missing access token for tt4b_product_sync
2025-12-08T15:39:18+00:00 DEBUG tt4b_product_delete: missing access token for tt4b_product_sync
2025-12-08T15:39:18+00:00 DEBUG tt4b_product_delete: missing access token for tt4b_product_sync
2025-12-08T15:39:18+00:00 DEBUG tt4b_product_delete: missing access token for tt4b_product_sync
2025-12-08T15:39:18+00:00 DEBUG tt4b_product_delete: missing access token for tt4b_product_sync
2025-12-08T15:39:58+00:00 DEBUG tt4b_product_delete: missing access token for tt4b_product_sync
2025-12-08T15:39:58+00:00 DEBUG tt4b_product_delete: missing access token for tt4b_product_sync
2025-12-08T15:39:58+00:00 DEBUG tt4b_product_delete: missing access token for tt4b_product_sync
2025-12-08T15:39:59+00:00 DEBUG tt4b_product_delete: missing access token for tt4b_product_sync
2025-12-08T15:39:59+00:00 DEBUG tt4b_product_delete: missing access token for tt4b_product_sync
2025-12-08T15:39:59+00:00 DEBUG tt4b_product_delete: missing access token for tt4b_product_sync
2025-12-08T15:39:59+00:00 DEBUG tt4b_product_delete: missing access token for tt4b_product_sync
2025-12-08T15:39:59+00:00 DEBUG tt4b_product_delete: missing access token for tt4b_product_sync
2025-12-08T15:39:59+00:00 DEBUG tt4b_product_delete: missing access token for tt4b_product_sync
2025-12-08T15:39:59+00:00 DEBUG tt4b_product_delete: missing access token for tt4b_product_sync
2025-12-08T15:39:59+00:00 DEBUG tt4b_product_delete: missing access token for tt4b_product_sync
2025-12-08T15:39:59+00:00 DEBUG tt4b_product_delete: missing access token for tt4b_product_sync
2025-12-08T15:39:59+00:00 DEBUG tt4b_product_delete: missing access token for tt4b_product_sync
2025-12-08T15:39:59+00:00 DEBUG tt4b_product_delete: missing access token for tt4b_product_sync
2025-12-08T15:39:59+00:00 DEBUG tt4b_product_delete: missing access token for tt4b_product_sync
2025-12-08T15:40:00+00:00 DEBUG tt4b_product_delete: missing access token for tt4b_product_sync
2025-12-08T15:40:00+00:00 DEBUG tt4b_product_delete: missing access token for tt4b_product_sync
2025-12-08T15:40:00+00:00 DEBUG tt4b_product_delete: missing access token for tt4b_product_sync
2025-12-08T15:40:00+00:00 DEBUG tt4b_product_delete: missing access token for tt4b_product_sync
2025-12-08T15:40:00+00:00 DEBUG tt4b_product_delete: missing access token for tt4b_product_sync
2025-12-08T15:40:44+00:00 DEBUG tt4b_product_delete: missing access token for tt4b_product_sync
2025-12-08T15:40:44+00:00 DEBUG tt4b_product_delete: missing access token for tt4b_product_sync
2025-12-08T15:40:44+00:00 DEBUG tt4b_product_delete: missing access token for tt4b_product_sync
2025-12-08T15:40:44+00:00 DEBUG tt4b_product_delete: missing access token for tt4b_product_sync
2025-12-08T15:40:44+00:00 DEBUG tt4b_product_delete: missing access token for tt4b_product_sync
2025-12-08T15:40:44+00:00 DEBUG tt4b_product_delete: missing access token for tt4b_product_sync
2025-12-08T15:40:45+00:00 DEBUG tt4b_product_delete: missing access token for tt4b_product_sync
2025-12-08T15:40:45+00:00 DEBUG tt4b_product_delete: missing access token for tt4b_product_sync
2025-12-08T15:40:45+00:00 DEBUG tt4b_product_delete: missing access token for tt4b_product_sync
2025-12-08T15:40:45+00:00 DEBUG tt4b_product_delete: missing access token for tt4b_product_sync
2025-12-08T15:40:45+00:00 DEBUG tt4b_product_delete: missing access token for tt4b_product_sync
2025-12-08T15:40:45+00:00 DEBUG tt4b_product_delete: missing access token for tt4b_product_sync
2025-12-08T15:40:45+00:00 DEBUG tt4b_product_delete: missing access token for tt4b_product_sync
2025-12-08T15:40:45+00:00 DEBUG tt4b_product_delete: missing access token for tt4b_product_sync
2025-12-08T15:40:45+00:00 DEBUG tt4b_product_delete: missing access token for tt4b_product_sync
2025-12-08T15:40:45+00:00 DEBUG tt4b_product_delete: missing access token for tt4b_product_sync
2025-12-08T15:40:45+00:00 DEBUG tt4b_product_delete: missing access token for tt4b_product_sync
2025-12-08T15:40:45+00:00 DEBUG tt4b_product_delete: missing access token for tt4b_product_sync
2025-12-08T15:40:45+00:00 DEBUG tt4b_product_delete: missing access token for tt4b_product_sync
2025-12-08T15:40:46+00:00 DEBUG tt4b_product_delete: missing access token for tt4b_product_sync
2025-12-08T15:41:13+00:00 DEBUG tt4b_product_delete: missing access token for tt4b_product_sync
2025-12-08T15:41:13+00:00 DEBUG tt4b_product_delete: missing access token for tt4b_product_sync
2025-12-08T15:41:13+00:00 DEBUG tt4b_product_delete: missing access token for tt4b_product_sync
2025-12-08T15:41:13+00:00 DEBUG tt4b_product_delete: missing access token for tt4b_product_sync
2025-12-08T15:41:13+00:00 DEBUG tt4b_product_delete: missing access token for tt4b_product_sync
2025-12-08T15:41:13+00:00 DEBUG tt4b_product_delete: missing access token for tt4b_product_sync
2025-12-08T15:41:13+00:00 DEBUG tt4b_product_delete: missing access token for tt4b_product_sync
2025-12-08T15:41:13+00:00 DEBUG tt4b_product_delete: missing access token for tt4b_product_sync
2025-12-08T15:41:13+00:00 DEBUG tt4b_product_delete: missing access token for tt4b_product_sync
2025-12-08T15:41:13+00:00 DEBUG tt4b_product_delete: missing access token for tt4b_product_sync
2025-12-08T15:41:14+00:00 DEBUG tt4b_product_delete: missing access token for tt4b_product_sync
2025-12-08T15:41:14+00:00 DEBUG tt4b_product_delete: missing access token for tt4b_product_sync
2025-12-08T15:41:14+00:00 DEBUG tt4b_product_delete: missing access token for tt4b_product_sync
2025-12-08T15:41:14+00:00 DEBUG tt4b_product_delete: missing access token for tt4b_product_sync
2025-12-08T15:41:14+00:00 DEBUG tt4b_product_delete: missing access token for tt4b_product_sync
2025-12-08T15:41:14+00:00 DEBUG tt4b_product_delete: missing access token for tt4b_product_sync
2025-12-08T15:41:14+00:00 DEBUG tt4b_product_delete: missing access token for tt4b_product_sync
2025-12-08T15:41:14+00:00 DEBUG tt4b_product_delete: missing access token for tt4b_product_sync
2025-12-08T15:41:14+00:00 DEBUG tt4b_product_delete: missing access token for tt4b_product_sync
2025-12-08T15:41:14+00:00 DEBUG tt4b_product_delete: missing access token for tt4b_product_sync
2025-12-08T15:42:08+00:00 DEBUG tt4b_product_delete: missing access token for tt4b_product_sync
2025-12-08T15:42:08+00:00 DEBUG tt4b_product_delete: missing access token for tt4b_product_sync
2025-12-08T15:42:08+00:00 DEBUG tt4b_product_delete: missing access token for tt4b_product_sync
2025-12-08T15:42:09+00:00 DEBUG tt4b_product_delete: missing access token for tt4b_product_sync
2025-12-08T15:42:09+00:00 DEBUG tt4b_product_delete: missing access token for tt4b_product_sync
2025-12-08T15:42:09+00:00 DEBUG tt4b_product_delete: missing access token for tt4b_product_sync
2025-12-08T15:42:09+00:00 DEBUG tt4b_product_delete: missing access token for tt4b_product_sync
2025-12-08T15:42:09+00:00 DEBUG tt4b_product_delete: missing access token for tt4b_product_sync
2025-12-08T15:42:09+00:00 DEBUG tt4b_product_delete: missing access token for tt4b_product_sync
2025-12-08T15:42:09+00:00 DEBUG tt4b_product_delete: missing access token for tt4b_product_sync
2025-12-08T15:42:09+00:00 DEBUG tt4b_product_delete: missing access token for tt4b_product_sync
2025-12-08T15:42:09+00:00 DEBUG tt4b_product_delete: missing access token for tt4b_product_sync
2025-12-08T15:42:09+00:00 DEBUG tt4b_product_delete: missing access token for tt4b_product_sync
2025-12-08T15:42:09+00:00 DEBUG tt4b_product_delete: missing access token for tt4b_product_sync
2025-12-08T15:42:09+00:00 DEBUG tt4b_product_delete: missing access token for tt4b_product_sync
2025-12-08T15:42:10+00:00 DEBUG tt4b_product_delete: missing access token for tt4b_product_sync
2025-12-08T15:42:10+00:00 DEBUG tt4b_product_delete: missing access token for tt4b_product_sync
2025-12-08T15:42:10+00:00 DEBUG tt4b_product_delete: missing access token for tt4b_product_sync
2025-12-08T15:42:10+00:00 DEBUG tt4b_product_delete: missing access token for tt4b_product_sync
2025-12-08T15:42:10+00:00 DEBUG tt4b_product_delete: missing access token for tt4b_product_sync
2025-12-08T15:42:47+00:00 DEBUG tt4b_product_delete: missing access token for tt4b_product_sync
2025-12-08T15:42:47+00:00 DEBUG tt4b_product_delete: missing access token for tt4b_product_sync
2025-12-08T15:42:47+00:00 DEBUG tt4b_product_delete: missing access token for tt4b_product_sync
2025-12-08T15:42:47+00:00 DEBUG tt4b_product_delete: missing access token for tt4b_product_sync
2025-12-08T15:42:48+00:00 DEBUG tt4b_product_delete: missing access token for tt4b_product_sync
2025-12-08T15:42:48+00:00 DEBUG tt4b_product_delete: missing access token for tt4b_product_sync
2025-12-08T15:42:48+00:00 DEBUG tt4b_product_delete: missing access token for tt4b_product_sync
2025-12-08T15:42:48+00:00 DEBUG tt4b_product_delete: missing access token for tt4b_product_sync
2025-12-08T15:42:48+00:00 DEBUG tt4b_product_delete: missing access token for tt4b_product_sync
2025-12-08T15:42:48+00:00 DEBUG tt4b_product_delete: missing access token for tt4b_product_sync
2025-12-08T15:42:48+00:00 DEBUG tt4b_product_delete: missing access token for tt4b_product_sync
2025-12-08T15:42:48+00:00 DEBUG tt4b_product_delete: missing access token for tt4b_product_sync
2025-12-08T15:42:48+00:00 DEBUG tt4b_product_delete: missing access token for tt4b_product_sync
2025-12-08T15:42:48+00:00 DEBUG tt4b_product_delete: missing access token for tt4b_product_sync
2025-12-08T15:42:48+00:00 DEBUG tt4b_product_delete: missing access token for tt4b_product_sync
2025-12-08T15:42:48+00:00 DEBUG tt4b_product_delete: missing access token for tt4b_product_sync
2025-12-08T15:42:49+00:00 DEBUG tt4b_product_delete: missing access token for tt4b_product_sync
2025-12-08T15:42:49+00:00 DEBUG tt4b_product_delete: missing access token for tt4b_product_sync
2025-12-08T15:42:49+00:00 DEBUG tt4b_product_delete: missing access token for tt4b_product_sync
2025-12-08T15:42:49+00:00 DEBUG tt4b_product_delete: missing access token for tt4b_product_sync
2025-12-08T15:44:14+00:00 DEBUG tt4b_product_delete: missing access token for tt4b_product_sync
2025-12-08T15:44:14+00:00 DEBUG tt4b_product_delete: missing access token for tt4b_product_sync
2025-12-08T15:44:14+00:00 DEBUG tt4b_product_delete: missing access token for tt4b_product_sync
2025-12-08T15:44:14+00:00 DEBUG tt4b_product_delete: missing access token for tt4b_product_sync
2025-12-08T15:44:14+00:00 DEBUG tt4b_product_delete: missing access token for tt4b_product_sync
2025-12-08T15:44:14+00:00 DEBUG tt4b_product_delete: missing access token for tt4b_product_sync
2025-12-08T15:44:14+00:00 DEBUG tt4b_product_delete: missing access token for tt4b_product_sync
2025-12-08T15:44:14+00:00 DEBUG tt4b_product_delete: missing access token for tt4b_product_sync
2025-12-08T15:44:15+00:00 DEBUG tt4b_product_delete: missing access token for tt4b_product_sync
2025-12-08T15:44:15+00:00 DEBUG tt4b_product_delete: missing access token for tt4b_product_sync
2025-12-08T15:44:15+00:00 DEBUG tt4b_product_delete: missing access token for tt4b_product_sync
2025-12-08T15:44:15+00:00 DEBUG tt4b_product_delete: missing access token for tt4b_product_sync
2025-12-08T15:44:15+00:00 DEBUG tt4b_product_delete: missing access token for tt4b_product_sync
2025-12-08T15:44:15+00:00 DEBUG tt4b_product_delete: missing access token for tt4b_product_sync
2025-12-08T15:44:15+00:00 DEBUG tt4b_product_delete: missing access token for tt4b_product_sync
2025-12-08T15:44:15+00:00 DEBUG tt4b_product_delete: missing access token for tt4b_product_sync
2025-12-08T15:44:15+00:00 DEBUG tt4b_product_delete: missing access token for tt4b_product_sync
2025-12-08T15:44:15+00:00 DEBUG tt4b_product_delete: missing access token for tt4b_product_sync
2025-12-08T15:44:15+00:00 DEBUG tt4b_product_delete: missing access token for tt4b_product_sync
2025-12-08T15:44:15+00:00 DEBUG tt4b_product_delete: missing access token for tt4b_product_sync
2025-12-08T15:45:01+00:00 DEBUG tt4b_product_delete: missing access token for tt4b_product_sync
2025-12-08T15:45:01+00:00 DEBUG tt4b_product_delete: missing access token for tt4b_product_sync
2025-12-08T15:45:01+00:00 DEBUG tt4b_product_delete: missing access token for tt4b_product_sync
2025-12-08T15:45:01+00:00 DEBUG tt4b_product_delete: missing access token for tt4b_product_sync
2025-12-08T15:45:01+00:00 DEBUG tt4b_product_delete: missing access token for tt4b_product_sync
2025-12-08T15:45:01+00:00 DEBUG tt4b_product_delete: missing access token for tt4b_product_sync
2025-12-08T15:45:01+00:00 DEBUG tt4b_product_delete: missing access token for tt4b_product_sync
2025-12-08T15:45:02+00:00 DEBUG tt4b_product_delete: missing access token for tt4b_product_sync
2025-12-08T15:45:02+00:00 DEBUG tt4b_product_delete: missing access token for tt4b_product_sync
2025-12-08T15:45:02+00:00 DEBUG tt4b_product_delete: missing access token for tt4b_product_sync
2025-12-08T15:45:02+00:00 DEBUG tt4b_product_delete: missing access token for tt4b_product_sync
2025-12-08T15:45:02+00:00 DEBUG tt4b_product_delete: missing access token for tt4b_product_sync
2025-12-08T15:45:02+00:00 DEBUG tt4b_product_delete: missing access token for tt4b_product_sync
2025-12-08T15:45:02+00:00 DEBUG tt4b_product_delete: missing access token for tt4b_product_sync
2025-12-08T15:45:02+00:00 DEBUG tt4b_product_delete: missing access token for tt4b_product_sync
2025-12-08T15:45:02+00:00 DEBUG tt4b_product_delete: missing access token for tt4b_product_sync
2025-12-08T15:45:02+00:00 DEBUG tt4b_product_delete: missing access token for tt4b_product_sync
2025-12-08T15:45:02+00:00 DEBUG tt4b_product_delete: missing access token for tt4b_product_sync
2025-12-08T15:45:02+00:00 DEBUG tt4b_product_delete: missing access token for tt4b_product_sync
2025-12-08T15:45:02+00:00 DEBUG tt4b_product_delete: missing access token for tt4b_product_sync
2025-12-08T15:45:47+00:00 DEBUG tt4b_product_delete: missing access token for tt4b_product_sync
2025-12-08T15:46:58+00:00 DEBUG tt4b_product_delete: missing access token for tt4b_product_sync
2025-12-08T15:46:58+00:00 DEBUG tt4b_product_delete: missing access token for tt4b_product_sync
2025-12-08T15:46:58+00:00 DEBUG tt4b_product_delete: missing access token for tt4b_product_sync
2025-12-08T15:46:58+00:00 DEBUG tt4b_product_delete: missing access token for tt4b_product_sync
2025-12-08T15:46:59+00:00 DEBUG tt4b_product_delete: missing access token for tt4b_product_sync
2025-12-08T15:46:59+00:00 DEBUG tt4b_product_delete: missing access token for tt4b_product_sync
2025-12-08T15:46:59+00:00 DEBUG tt4b_product_delete: missing access token for tt4b_product_sync
2025-12-08T15:46:59+00:00 DEBUG tt4b_product_delete: missing access token for tt4b_product_sync
2025-12-08T15:46:59+00:00 DEBUG tt4b_product_delete: missing access token for tt4b_product_sync
2025-12-08T15:46:59+00:00 DEBUG tt4b_product_delete: missing access token for tt4b_product_sync
2025-12-08T15:46:59+00:00 DEBUG tt4b_product_delete: missing access token for tt4b_product_sync
2025-12-08T15:46:59+00:00 DEBUG tt4b_product_delete: missing access token for tt4b_product_sync
2025-12-08T15:47:00+00:00 DEBUG tt4b_product_delete: missing access token for tt4b_product_sync
2025-12-08T15:47:00+00:00 DEBUG tt4b_product_delete: missing access token for tt4b_product_sync
2025-12-08T15:47:00+00:00 DEBUG tt4b_product_delete: missing access token for tt4b_product_sync
2025-12-08T15:47:00+00:00 DEBUG tt4b_product_delete: missing access token for tt4b_product_sync
2025-12-08T15:47:00+00:00 DEBUG tt4b_product_delete: missing access token for tt4b_product_sync
2025-12-08T15:47:00+00:00 DEBUG tt4b_product_delete: missing access token for tt4b_product_sync
2025-12-08T15:47:00+00:00 DEBUG tt4b_product_delete: missing access token for tt4b_product_sync
2025-12-08T15:47:00+00:00 DEBUG tt4b_product_delete: missing access token for tt4b_product_sync
2025-12-08T15:48:16+00:00 DEBUG tt4b_product_delete: missing access token for tt4b_product_sync
2025-12-08T15:48:16+00:00 DEBUG tt4b_product_delete: missing access token for tt4b_product_sync
2025-12-08T15:48:16+00:00 DEBUG tt4b_product_delete: missing access token for tt4b_product_sync
2025-12-08T15:48:16+00:00 DEBUG tt4b_product_delete: missing access token for tt4b_product_sync
2025-12-08T15:48:16+00:00 DEBUG tt4b_product_delete: missing access token for tt4b_product_sync
2025-12-08T15:48:16+00:00 DEBUG tt4b_product_delete: missing access token for tt4b_product_sync
2025-12-08T15:48:16+00:00 DEBUG tt4b_product_delete: missing access token for tt4b_product_sync
2025-12-08T15:48:16+00:00 DEBUG tt4b_product_delete: missing access token for tt4b_product_sync
2025-12-08T15:48:16+00:00 DEBUG tt4b_product_delete: missing access token for tt4b_product_sync
2025-12-08T15:48:17+00:00 DEBUG tt4b_product_delete: missing access token for tt4b_product_sync
2025-12-08T15:48:17+00:00 DEBUG tt4b_product_delete: missing access token for tt4b_product_sync
2025-12-08T15:48:17+00:00 DEBUG tt4b_product_delete: missing access token for tt4b_product_sync
2025-12-08T15:48:17+00:00 DEBUG tt4b_product_delete: missing access token for tt4b_product_sync
2025-12-08T15:48:17+00:00 DEBUG tt4b_product_delete: missing access token for tt4b_product_sync
2025-12-08T15:48:17+00:00 DEBUG tt4b_product_delete: missing access token for tt4b_product_sync
2025-12-08T15:48:17+00:00 DEBUG tt4b_product_delete: missing access token for tt4b_product_sync
2025-12-08T15:48:17+00:00 DEBUG tt4b_product_delete: missing access token for tt4b_product_sync
2025-12-08T15:48:17+00:00 DEBUG tt4b_product_delete: missing access token for tt4b_product_sync
2025-12-08T15:48:17+00:00 DEBUG tt4b_product_delete: missing access token for tt4b_product_sync
2025-12-08T15:48:18+00:00 DEBUG tt4b_product_delete: missing access token for tt4b_product_sync
2025-12-08T15:48:18+00:00 DEBUG tt4b_product_delete: missing access token for tt4b_product_sync
2025-12-08T15:48:18+00:00 DEBUG tt4b_product_delete: missing access token for tt4b_product_sync
2025-12-08T15:48:18+00:00 DEBUG tt4b_product_delete: missing access token for tt4b_product_sync
2025-12-08T15:48:18+00:00 DEBUG tt4b_product_delete: missing access token for tt4b_product_sync
2025-12-08T15:48:18+00:00 DEBUG tt4b_product_delete: missing access token for tt4b_product_sync
2025-12-08T15:48:18+00:00 DEBUG tt4b_product_delete: missing access token for tt4b_product_sync
2025-12-08T15:48:18+00:00 DEBUG tt4b_product_delete: missing access token for tt4b_product_sync
2025-12-08T15:48:18+00:00 DEBUG tt4b_product_delete: missing access token for tt4b_product_sync
2025-12-08T15:48:19+00:00 DEBUG tt4b_product_delete: missing access token for tt4b_product_sync
2025-12-08T15:48:19+00:00 DEBUG tt4b_product_delete: missing access token for tt4b_product_sync
2025-12-08T15:48:19+00:00 DEBUG tt4b_product_delete: missing access token for tt4b_product_sync
2025-12-08T15:48:19+00:00 DEBUG tt4b_product_delete: missing access token for tt4b_product_sync
2025-12-08T15:48:19+00:00 DEBUG tt4b_product_delete: missing access token for tt4b_product_sync
2025-12-08T15:48:19+00:00 DEBUG tt4b_product_delete: missing access token for tt4b_product_sync
2025-12-08T15:48:19+00:00 DEBUG tt4b_product_delete: missing access token for tt4b_product_sync
2025-12-08T15:48:19+00:00 DEBUG tt4b_product_delete: missing access token for tt4b_product_sync
2025-12-08T15:48:19+00:00 DEBUG tt4b_product_delete: missing access token for tt4b_product_sync
2025-12-08T15:48:19+00:00 DEBUG tt4b_product_delete: missing access token for tt4b_product_sync
2025-12-08T15:48:20+00:00 DEBUG tt4b_product_delete: missing access token for tt4b_product_sync
2025-12-08T15:48:20+00:00 DEBUG tt4b_product_delete: missing access token for tt4b_product_sync
2025-12-08T15:48:20+00:00 DEBUG tt4b_product_delete: missing access token for tt4b_product_sync
2025-12-08T15:48:20+00:00 DEBUG tt4b_product_delete: missing access token for tt4b_product_sync
2025-12-08T15:48:20+00:00 DEBUG tt4b_product_delete: missing access token for tt4b_product_sync
2025-12-08T15:48:20+00:00 DEBUG tt4b_product_delete: missing access token for tt4b_product_sync
2025-12-08T15:48:20+00:00 DEBUG tt4b_product_delete: missing access token for tt4b_product_sync
2025-12-08T15:48:20+00:00 DEBUG tt4b_product_delete: missing access token for tt4b_product_sync
2025-12-08T15:48:20+00:00 DEBUG tt4b_product_delete: missing access token for tt4b_product_sync
2025-12-08T15:48:21+00:00 DEBUG tt4b_product_delete: missing access token for tt4b_product_sync
2025-12-08T15:48:21+00:00 DEBUG tt4b_product_delete: missing access token for tt4b_product_sync
2025-12-08T15:48:21+00:00 DEBUG tt4b_product_delete: missing access token for tt4b_product_sync
2025-12-08T15:48:21+00:00 DEBUG tt4b_product_delete: missing access token for tt4b_product_sync
2025-12-08T15:48:21+00:00 DEBUG tt4b_product_delete: missing access token for tt4b_product_sync
2025-12-08T15:48:21+00:00 DEBUG tt4b_product_delete: missing access token for tt4b_product_sync
2025-12-08T15:48:21+00:00 DEBUG tt4b_product_delete: missing access token for tt4b_product_sync
2025-12-08T15:48:21+00:00 DEBUG tt4b_product_delete: missing access token for tt4b_product_sync
2025-12-08T15:48:21+00:00 DEBUG tt4b_product_delete: missing access token for tt4b_product_sync
2025-12-08T15:48:22+00:00 DEBUG tt4b_product_delete: missing access token for tt4b_product_sync
2025-12-08T15:48:22+00:00 DEBUG tt4b_product_delete: missing access token for tt4b_product_sync
2025-12-08T15:48:22+00:00 DEBUG tt4b_product_delete: missing access token for tt4b_product_sync
2025-12-08T15:48:22+00:00 DEBUG tt4b_product_delete: missing access token for tt4b_product_sync
2025-12-08T15:48:22+00:00 DEBUG tt4b_product_delete: missing access token for tt4b_product_sync
2025-12-08T15:48:22+00:00 DEBUG tt4b_product_delete: missing access token for tt4b_product_sync
2025-12-08T15:48:22+00:00 DEBUG tt4b_product_delete: missing access token for tt4b_product_sync
2025-12-08T15:48:22+00:00 DEBUG tt4b_product_delete: missing access token for tt4b_product_sync
2025-12-08T15:48:22+00:00 DEBUG tt4b_product_delete: missing access token for tt4b_product_sync
2025-12-08T15:48:22+00:00 DEBUG tt4b_product_delete: missing access token for tt4b_product_sync
2025-12-08T15:48:23+00:00 DEBUG tt4b_product_delete: missing access token for tt4b_product_sync
2025-12-08T15:48:23+00:00 DEBUG tt4b_product_delete: missing access token for tt4b_product_sync
2025-12-08T15:48:23+00:00 DEBUG tt4b_product_delete: missing access token for tt4b_product_sync
2025-12-08T15:48:23+00:00 DEBUG tt4b_product_delete: missing access token for tt4b_product_sync
2025-12-08T15:48:23+00:00 DEBUG tt4b_product_delete: missing access token for tt4b_product_sync
2025-12-08T15:48:23+00:00 DEBUG tt4b_product_delete: missing access token for tt4b_product_sync
2025-12-08T15:48:23+00:00 DEBUG tt4b_product_delete: missing access token for tt4b_product_sync
2025-12-08T15:48:23+00:00 DEBUG tt4b_product_delete: missing access token for tt4b_product_sync
2025-12-08T15:48:23+00:00 DEBUG tt4b_product_delete: missing access token for tt4b_product_sync
2025-12-08T15:48:23+00:00 DEBUG tt4b_product_delete: missing access token for tt4b_product_sync
2025-12-08T15:48:24+00:00 DEBUG tt4b_product_delete: missing access token for tt4b_product_sync
2025-12-08T15:48:24+00:00 DEBUG tt4b_product_delete: missing access token for tt4b_product_sync
2025-12-08T15:48:24+00:00 DEBUG tt4b_product_delete: missing access token for tt4b_product_sync
2025-12-08T15:48:24+00:00 DEBUG tt4b_product_delete: missing access token for tt4b_product_sync
2025-12-08T15:48:24+00:00 DEBUG tt4b_product_delete: missing access token for tt4b_product_sync
2025-12-08T15:48:24+00:00 DEBUG tt4b_product_delete: missing access token for tt4b_product_sync
2025-12-08T15:48:24+00:00 DEBUG tt4b_product_delete: missing access token for tt4b_product_sync
2025-12-08T15:48:24+00:00 DEBUG tt4b_product_delete: missing access token for tt4b_product_sync
2025-12-08T15:48:24+00:00 DEBUG tt4b_product_delete: missing access token for tt4b_product_sync
2025-12-08T15:48:25+00:00 DEBUG tt4b_product_delete: missing access token for tt4b_product_sync
2025-12-08T15:48:25+00:00 DEBUG tt4b_product_delete: missing access token for tt4b_product_sync
2025-12-08T15:48:25+00:00 DEBUG tt4b_product_delete: missing access token for tt4b_product_sync
2025-12-08T15:48:25+00:00 DEBUG tt4b_product_delete: missing access token for tt4b_product_sync
2025-12-08T15:48:25+00:00 DEBUG tt4b_product_delete: missing access token for tt4b_product_sync
2025-12-08T15:48:25+00:00 DEBUG tt4b_product_delete: missing access token for tt4b_product_sync
2025-12-08T15:48:25+00:00 DEBUG tt4b_product_delete: missing access token for tt4b_product_sync
2025-12-08T15:48:25+00:00 DEBUG tt4b_product_delete: missing access token for tt4b_product_sync
2025-12-08T15:48:25+00:00 DEBUG tt4b_product_delete: missing access token for tt4b_product_sync
2025-12-08T15:48:26+00:00 DEBUG tt4b_product_delete: missing access token for tt4b_product_sync
2025-12-08T15:48:26+00:00 DEBUG tt4b_product_delete: missing access token for tt4b_product_sync
2025-12-08T15:48:26+00:00 DEBUG tt4b_product_delete: missing access token for tt4b_product_sync
2025-12-08T15:48:26+00:00 DEBUG tt4b_product_delete: missing access token for tt4b_product_sync
2025-12-08T15:48:26+00:00 DEBUG tt4b_product_delete: missing access token for tt4b_product_sync
2025-12-08T15:48:26+00:00 DEBUG tt4b_product_delete: missing access token for tt4b_product_sync
2025-12-08T15:48:26+00:00 DEBUG tt4b_product_delete: missing access token for tt4b_product_sync
2025-12-08T15:48:26+00:00 DEBUG tt4b_product_delete: missing access token for tt4b_product_sync
2025-12-08T15:48:26+00:00 DEBUG tt4b_product_delete: missing access token for tt4b_product_sync
2025-12-08T15:48:27+00:00 DEBUG tt4b_product_delete: missing access token for tt4b_product_sync
2025-12-08T15:48:27+00:00 DEBUG tt4b_product_delete: missing access token for tt4b_product_sync
2025-12-08T15:48:27+00:00 DEBUG tt4b_product_delete: missing access token for tt4b_product_sync
2025-12-08T15:48:27+00:00 DEBUG tt4b_product_delete: missing access token for tt4b_product_sync
2025-12-08T15:48:27+00:00 DEBUG tt4b_product_delete: missing access token for tt4b_product_sync
2025-12-08T15:48:27+00:00 DEBUG tt4b_product_delete: missing access token for tt4b_product_sync
2025-12-08T15:48:27+00:00 DEBUG tt4b_product_delete: missing access token for tt4b_product_sync
2025-12-08T15:48:27+00:00 DEBUG tt4b_product_delete: missing access token for tt4b_product_sync
2025-12-08T15:48:27+00:00 DEBUG tt4b_product_delete: missing access token for tt4b_product_sync
2025-12-08T15:48:28+00:00 DEBUG tt4b_product_delete: missing access token for tt4b_product_sync
2025-12-08T15:48:28+00:00 DEBUG tt4b_product_delete: missing access token for tt4b_product_sync
2025-12-08T15:48:28+00:00 DEBUG tt4b_product_delete: missing access token for tt4b_product_sync
2025-12-08T15:48:28+00:00 DEBUG tt4b_product_delete: missing access token for tt4b_product_sync
2025-12-08T15:48:28+00:00 DEBUG tt4b_product_delete: missing access token for tt4b_product_sync
2025-12-08T15:48:28+00:00 DEBUG tt4b_product_delete: missing access token for tt4b_product_sync
2025-12-08T15:48:28+00:00 DEBUG tt4b_product_delete: missing access token for tt4b_product_sync
2025-12-08T15:48:28+00:00 DEBUG tt4b_product_delete: missing access token for tt4b_product_sync
2025-12-08T15:48:28+00:00 DEBUG tt4b_product_delete: missing access token for tt4b_product_sync
2025-12-08T15:48:28+00:00 DEBUG tt4b_product_delete: missing access token for tt4b_product_sync
2025-12-08T15:48:29+00:00 DEBUG tt4b_product_delete: missing access token for tt4b_product_sync
2025-12-08T15:48:29+00:00 DEBUG tt4b_product_delete: missing access token for tt4b_product_sync
2025-12-08T15:48:29+00:00 DEBUG tt4b_product_delete: missing access token for tt4b_product_sync
2025-12-08T15:48:29+00:00 DEBUG tt4b_product_delete: missing access token for tt4b_product_sync
2025-12-08T15:48:29+00:00 DEBUG tt4b_product_delete: missing access token for tt4b_product_sync
2025-12-08T15:48:29+00:00 DEBUG tt4b_product_delete: missing access token for tt4b_product_sync
2025-12-08T15:48:29+00:00 DEBUG tt4b_product_delete: missing access token for tt4b_product_sync
2025-12-08T15:48:29+00:00 DEBUG tt4b_product_delete: missing access token for tt4b_product_sync
2025-12-08T15:48:29+00:00 DEBUG tt4b_product_delete: missing access token for tt4b_product_sync
2025-12-08T15:48:30+00:00 DEBUG tt4b_product_delete: missing access token for tt4b_product_sync
2025-12-08T15:48:30+00:00 DEBUG tt4b_product_delete: missing access token for tt4b_product_sync
2025-12-08T15:48:30+00:00 DEBUG tt4b_product_delete: missing access token for tt4b_product_sync
2025-12-08T15:48:30+00:00 DEBUG tt4b_product_delete: missing access token for tt4b_product_sync
2025-12-08T15:48:30+00:00 DEBUG tt4b_product_delete: missing access token for tt4b_product_sync
2025-12-08T15:48:30+00:00 DEBUG tt4b_product_delete: missing access token for tt4b_product_sync
2025-12-08T15:48:30+00:00 DEBUG tt4b_product_delete: missing access token for tt4b_product_sync
2025-12-08T15:48:30+00:00 DEBUG tt4b_product_delete: missing access token for tt4b_product_sync
2025-12-08T15:48:30+00:00 DEBUG tt4b_product_delete: missing access token for tt4b_product_sync
2025-12-08T15:48:31+00:00 DEBUG tt4b_product_delete: missing access token for tt4b_product_sync
2025-12-08T15:48:31+00:00 DEBUG tt4b_product_delete: missing access token for tt4b_product_sync
2025-12-08T15:48:31+00:00 DEBUG tt4b_product_delete: missing access token for tt4b_product_sync
2025-12-08T15:48:31+00:00 DEBUG tt4b_product_delete: missing access token for tt4b_product_sync
2025-12-08T15:48:31+00:00 DEBUG tt4b_product_delete: missing access token for tt4b_product_sync
2025-12-08T15:48:31+00:00 DEBUG tt4b_product_delete: missing access token for tt4b_product_sync
2025-12-08T15:48:31+00:00 DEBUG tt4b_product_delete: missing access token for tt4b_product_sync
2025-12-08T15:48:31+00:00 DEBUG tt4b_product_delete: missing access token for tt4b_product_sync
2025-12-08T15:48:31+00:00 DEBUG tt4b_product_delete: missing access token for tt4b_product_sync
2025-12-08T15:48:31+00:00 DEBUG tt4b_product_delete: missing access token for tt4b_product_sync
2025-12-08T15:48:32+00:00 DEBUG tt4b_product_delete: missing access token for tt4b_product_sync
2025-12-08T15:48:32+00:00 DEBUG tt4b_product_delete: missing access token for tt4b_product_sync
2025-12-08T15:48:32+00:00 DEBUG tt4b_product_delete: missing access token for tt4b_product_sync
2025-12-08T15:48:32+00:00 DEBUG tt4b_product_delete: missing access token for tt4b_product_sync
2025-12-08T15:48:32+00:00 DEBUG tt4b_product_delete: missing access token for tt4b_product_sync
2025-12-08T15:48:32+00:00 DEBUG tt4b_product_delete: missing access token for tt4b_product_sync
2025-12-08T15:48:32+00:00 DEBUG tt4b_product_delete: missing access token for tt4b_product_sync
2025-12-08T15:48:32+00:00 DEBUG tt4b_product_delete: missing access token for tt4b_product_sync
2025-12-08T15:48:32+00:00 DEBUG tt4b_product_delete: missing access token for tt4b_product_sync
2025-12-08T15:48:33+00:00 DEBUG tt4b_product_delete: missing access token for tt4b_product_sync
2025-12-08T15:48:33+00:00 DEBUG tt4b_product_delete: missing access token for tt4b_product_sync
2025-12-08T15:48:33+00:00 DEBUG tt4b_product_delete: missing access token for tt4b_product_sync
2025-12-08T15:48:33+00:00 DEBUG tt4b_product_delete: missing access token for tt4b_product_sync
2025-12-08T15:48:33+00:00 DEBUG tt4b_product_delete: missing access token for tt4b_product_sync
2025-12-08T15:48:33+00:00 DEBUG tt4b_product_delete: missing access token for tt4b_product_sync
2025-12-08T15:48:33+00:00 DEBUG tt4b_product_delete: missing access token for tt4b_product_sync
2025-12-08T15:48:33+00:00 DEBUG tt4b_product_delete: missing access token for tt4b_product_sync
2025-12-08T15:48:33+00:00 DEBUG tt4b_product_delete: missing access token for tt4b_product_sync
2025-12-08T15:48:34+00:00 DEBUG tt4b_product_delete: missing access token for tt4b_product_sync
2025-12-08T15:48:34+00:00 DEBUG tt4b_product_delete: missing access token for tt4b_product_sync
2025-12-08T15:48:34+00:00 DEBUG tt4b_product_delete: missing access token for tt4b_product_sync
2025-12-08T15:48:34+00:00 DEBUG tt4b_product_delete: missing access token for tt4b_product_sync
2025-12-08T15:48:34+00:00 DEBUG tt4b_product_delete: missing access token for tt4b_product_sync
2025-12-08T15:48:34+00:00 DEBUG tt4b_product_delete: missing access token for tt4b_product_sync
2025-12-08T15:48:34+00:00 DEBUG tt4b_product_delete: missing access token for tt4b_product_sync
2025-12-08T15:48:34+00:00 DEBUG tt4b_product_delete: missing access token for tt4b_product_sync
2025-12-08T15:48:34+00:00 DEBUG tt4b_product_delete: missing access token for tt4b_product_sync
2025-12-08T15:48:34+00:00 DEBUG tt4b_product_delete: missing access token for tt4b_product_sync
2025-12-08T15:48:35+00:00 DEBUG tt4b_product_delete: missing access token for tt4b_product_sync
2025-12-08T15:48:35+00:00 DEBUG tt4b_product_delete: missing access token for tt4b_product_sync
2025-12-08T15:48:35+00:00 DEBUG tt4b_product_delete: missing access token for tt4b_product_sync
2025-12-08T15:48:35+00:00 DEBUG tt4b_product_delete: missing access token for tt4b_product_sync
2025-12-08T15:48:35+00:00 DEBUG tt4b_product_delete: missing access token for tt4b_product_sync
2025-12-08T15:48:35+00:00 DEBUG tt4b_product_delete: missing access token for tt4b_product_sync
2025-12-08T15:48:35+00:00 DEBUG tt4b_product_delete: missing access token for tt4b_product_sync
2025-12-08T15:48:35+00:00 DEBUG tt4b_product_delete: missing access token for tt4b_product_sync
2025-12-08T15:48:35+00:00 DEBUG tt4b_product_delete: missing access token for tt4b_product_sync
2025-12-08T15:48:35+00:00 DEBUG tt4b_product_delete: missing access token for tt4b_product_sync
2025-12-08T15:48:36+00:00 DEBUG tt4b_product_delete: missing access token for tt4b_product_sync
2025-12-08T15:48:36+00:00 DEBUG tt4b_product_delete: missing access token for tt4b_product_sync
2025-12-08T15:48:36+00:00 DEBUG tt4b_product_delete: missing access token for tt4b_product_sync
2025-12-08T15:48:36+00:00 DEBUG tt4b_product_delete: missing access token for tt4b_product_sync
2025-12-08T15:48:36+00:00 DEBUG tt4b_product_delete: missing access token for tt4b_product_sync
2025-12-08T15:48:36+00:00 DEBUG tt4b_product_delete: missing access token for tt4b_product_sync
2025-12-08T15:48:36+00:00 DEBUG tt4b_product_delete: missing access token for tt4b_product_sync
2025-12-08T15:48:36+00:00 DEBUG tt4b_product_delete: missing access token for tt4b_product_sync
2025-12-08T15:48:36+00:00 DEBUG tt4b_product_delete: missing access token for tt4b_product_sync
2025-12-08T15:48:37+00:00 DEBUG tt4b_product_delete: missing access token for tt4b_product_sync
2025-12-08T15:48:37+00:00 DEBUG tt4b_product_delete: missing access token for tt4b_product_sync
2025-12-08T15:48:37+00:00 DEBUG tt4b_product_delete: missing access token for tt4b_product_sync
2025-12-08T15:48:37+00:00 DEBUG tt4b_product_delete: missing access token for tt4b_product_sync
2025-12-08T15:48:37+00:00 DEBUG tt4b_product_delete: missing access token for tt4b_product_sync
2025-12-08T15:48:37+00:00 DEBUG tt4b_product_delete: missing access token for tt4b_product_sync
2025-12-08T15:48:37+00:00 DEBUG tt4b_product_delete: missing access token for tt4b_product_sync
2025-12-08T15:48:37+00:00 DEBUG tt4b_product_delete: missing access token for tt4b_product_sync
2025-12-08T15:48:37+00:00 DEBUG tt4b_product_delete: missing access token for tt4b_product_sync
2025-12-08T15:48:37+00:00 DEBUG tt4b_product_delete: missing access token for tt4b_product_sync
2025-12-08T15:48:38+00:00 DEBUG tt4b_product_delete: missing access token for tt4b_product_sync
2025-12-08T15:48:38+00:00 DEBUG tt4b_product_delete: missing access token for tt4b_product_sync
2025-12-08T15:48:38+00:00 DEBUG tt4b_product_delete: missing access token for tt4b_product_sync
2025-12-08T15:48:38+00:00 DEBUG tt4b_product_delete: missing access token for tt4b_product_sync
2025-12-08T15:48:38+00:00 DEBUG tt4b_product_delete: missing access token for tt4b_product_sync
2025-12-08T15:48:38+00:00 DEBUG tt4b_product_delete: missing access token for tt4b_product_sync
2025-12-08T15:48:38+00:00 DEBUG tt4b_product_delete: missing access token for tt4b_product_sync
2025-12-08T15:48:38+00:00 DEBUG tt4b_product_delete: missing access token for tt4b_product_sync
2025-12-08T15:48:38+00:00 DEBUG tt4b_product_delete: missing access token for tt4b_product_sync
2025-12-08T15:48:38+00:00 DEBUG tt4b_product_delete: missing access token for tt4b_product_sync
2025-12-08T15:48:39+00:00 DEBUG tt4b_product_delete: missing access token for tt4b_product_sync
2025-12-08T15:48:39+00:00 DEBUG tt4b_product_delete: missing access token for tt4b_product_sync
2025-12-08T15:48:39+00:00 DEBUG tt4b_product_delete: missing access token for tt4b_product_sync
2025-12-08T15:48:39+00:00 DEBUG tt4b_product_delete: missing access token for tt4b_product_sync
2025-12-08T15:48:39+00:00 DEBUG tt4b_product_delete: missing access token for tt4b_product_sync
2025-12-08T15:48:39+00:00 DEBUG tt4b_product_delete: missing access token for tt4b_product_sync
2025-12-08T15:48:39+00:00 DEBUG tt4b_product_delete: missing access token for tt4b_product_sync
2025-12-08T15:48:39+00:00 DEBUG tt4b_product_delete: missing access token for tt4b_product_sync
2025-12-08T15:48:39+00:00 DEBUG tt4b_product_delete: missing access token for tt4b_product_sync
2025-12-08T15:48:40+00:00 DEBUG tt4b_product_delete: missing access token for tt4b_product_sync
2025-12-08T15:48:40+00:00 DEBUG tt4b_product_delete: missing access token for tt4b_product_sync
2025-12-08T15:48:40+00:00 DEBUG tt4b_product_delete: missing access token for tt4b_product_sync
2025-12-08T15:48:40+00:00 DEBUG tt4b_product_delete: missing access token for tt4b_product_sync
2025-12-08T15:48:40+00:00 DEBUG tt4b_product_delete: missing access token for tt4b_product_sync
2025-12-08T15:48:40+00:00 DEBUG tt4b_product_delete: missing access token for tt4b_product_sync
2025-12-08T15:48:40+00:00 DEBUG tt4b_product_delete: missing access token for tt4b_product_sync
2025-12-08T15:48:40+00:00 DEBUG tt4b_product_delete: missing access token for tt4b_product_sync
2025-12-08T15:48:40+00:00 DEBUG tt4b_product_delete: missing access token for tt4b_product_sync
2025-12-08T15:48:40+00:00 DEBUG tt4b_product_delete: missing access token for tt4b_product_sync
2025-12-08T15:48:41+00:00 DEBUG tt4b_product_delete: missing access token for tt4b_product_sync
2025-12-08T15:48:41+00:00 DEBUG tt4b_product_delete: missing access token for tt4b_product_sync
2025-12-08T15:48:41+00:00 DEBUG tt4b_product_delete: missing access token for tt4b_product_sync
2025-12-08T15:48:41+00:00 DEBUG tt4b_product_delete: missing access token for tt4b_product_sync
2025-12-08T15:48:41+00:00 DEBUG tt4b_product_delete: missing access token for tt4b_product_sync
2025-12-08T15:48:41+00:00 DEBUG tt4b_product_delete: missing access token for tt4b_product_sync
2025-12-08T15:48:41+00:00 DEBUG tt4b_product_delete: missing access token for tt4b_product_sync
2025-12-08T15:48:41+00:00 DEBUG tt4b_product_delete: missing access token for tt4b_product_sync
2025-12-08T15:48:41+00:00 DEBUG tt4b_product_delete: missing access token for tt4b_product_sync
2025-12-08T15:48:41+00:00 DEBUG tt4b_product_delete: missing access token for tt4b_product_sync
2025-12-08T15:48:42+00:00 DEBUG tt4b_product_delete: missing access token for tt4b_product_sync
2025-12-08T15:48:42+00:00 DEBUG tt4b_product_delete: missing access token for tt4b_product_sync
2025-12-08T15:48:42+00:00 DEBUG tt4b_product_delete: missing access token for tt4b_product_sync
2025-12-08T15:48:42+00:00 DEBUG tt4b_product_delete: missing access token for tt4b_product_sync
2025-12-08T15:48:42+00:00 DEBUG tt4b_product_delete: missing access token for tt4b_product_sync
2025-12-08T15:48:42+00:00 DEBUG tt4b_product_delete: missing access token for tt4b_product_sync
2025-12-08T15:48:42+00:00 DEBUG tt4b_product_delete: missing access token for tt4b_product_sync
2025-12-08T15:48:42+00:00 DEBUG tt4b_product_delete: missing access token for tt4b_product_sync
2025-12-08T15:48:42+00:00 DEBUG tt4b_product_delete: missing access token for tt4b_product_sync
2025-12-08T15:48:42+00:00 DEBUG tt4b_product_delete: missing access token for tt4b_product_sync
2025-12-08T15:48:43+00:00 DEBUG tt4b_product_delete: missing access token for tt4b_product_sync
2025-12-08T15:48:43+00:00 DEBUG tt4b_product_delete: missing access token for tt4b_product_sync
2025-12-08T15:48:43+00:00 DEBUG tt4b_product_delete: missing access token for tt4b_product_sync
2025-12-08T15:48:43+00:00 DEBUG tt4b_product_delete: missing access token for tt4b_product_sync
2025-12-08T15:48:43+00:00 DEBUG tt4b_product_delete: missing access token for tt4b_product_sync
2025-12-08T16:01:17+00:00 DEBUG Tt4b_Pixel_Class::inject_view_content_event: hit ViewContent
2025-12-08T16:01:17+00:00 DEBUG Tt4b_Pixel_Class::inject_view_content_event: Missing option "access_token"
2025-12-08T16:13:10+00:00 DEBUG Tt4b_Pixel_Class::inject_view_content_event: hit ViewContent
2025-12-08T16:13:10+00:00 DEBUG Tt4b_Pixel_Class::inject_view_content_event: Missing option "access_token"
2025-12-08T16:14:21+00:00 DEBUG Tt4b_Pixel_Class::inject_view_content_event: hit ViewContent
2025-12-08T16:14:21+00:00 DEBUG Tt4b_Pixel_Class::inject_view_content_event: Missing option "access_token"
